2025-06-19 20:12:50,739-Test_Emp-INFO-Starting OrangeHRM login test
2025-06-19 20:12:52,995-Test_Emp-INFO-Navigating to login page
2025-06-19 20:12:56,874-Test_Emp-INFO-Entering username and password
2025-06-19 20:12:56,874-Test_Emp-ERROR-An error occurred
2025-06-19 20:12:56,874-Test_Emp-ERROR-presence_of_element_located() takes 1 positional argument but 2 were given
Traceback (most recent call last):
  File "C:\Users\eugin\PycharmProjects\PythonProject\project_orange\tests\test_add_emp.py", line 19, in test_add_emp
    login.user_pass("Admin", "admin123")
    ~~~~~~~~~~~~~~~^^^^^^^^^^^^^^^^^^^^^
  File "C:\Users\eugin\PycharmProjects\PythonProject\project_orange\pages\login_page.py", line 17, in user_pass
    user=wait.until(EC.presence_of_element_located(*self.user_input))
                    ~~~~~~~~~~~~~~~~~~~~~~~~~~~~~~^^^^^^^^^^^^^^^^^^
TypeError: presence_of_element_located() takes 1 positional argument but 2 were given
2025-06-19 20:12:56,879-TestLogin-INFO-Starting OrangeHRM login test
2025-06-19 20:12:58,872-TestLogin-INFO-Navigating to login page
2025-06-19 20:13:05,689-TestLogin-INFO-Entering username and password
2025-06-19 20:13:05,689-TestLogin-ERROR-An error occurred
2025-06-19 20:13:05,690-TestLogin-ERROR-presence_of_element_located() takes 1 positional argument but 2 were given
Traceback (most recent call last):
  File "C:\Users\eugin\PycharmProjects\PythonProject\project_orange\tests\test_login.py", line 18, in test_login
    login.user_pass("Admin","admin123")
    ~~~~~~~~~~~~~~~^^^^^^^^^^^^^^^^^^^^
  File "C:\Users\eugin\PycharmProjects\PythonProject\project_orange\pages\login_page.py", line 17, in user_pass
    user=wait.until(EC.presence_of_element_located(*self.user_input))
                    ~~~~~~~~~~~~~~~~~~~~~~~~~~~~~~^^^^^^^^^^^^^^^^^^
TypeError: presence_of_element_located() takes 1 positional argument but 2 were given
2025-06-19 20:13:07,843-TestLogin-INFO-driver closed,test completed
